Performing C SOURCE FILE Test CMAKE_HAVE_LIBC_PTHREAD failed with the following output:
Change Dir: /home/fedora/Epitech/Epitech-Tek-2/B-YEP-400-PAR-4-1-indiestudio-dylan1.faure/build/CMakeFiles/CMakeTmp

Run Build Command(s):/usr/bin/gmake -f Makefile cmTC_22845/fast && /usr/bin/gmake  -f CMakeFiles/cmTC_22845.dir/build.make CMakeFiles/cmTC_22845.dir/build
gmake[1] : on entre dans le répertoire « /home/fedora/Epitech/Epitech-Tek-2/B-YEP-400-PAR-4-1-indiestudio-dylan1.faure/build/CMakeFiles/CMakeTmp »
Building C object CMakeFiles/cmTC_22845.dir/src.c.o
/usr/bin/cc -DCMAKE_HAVE_LIBC_PTHREAD  -fno-strict-aliasing -Werror=implicit-function-declaration -Werror=pointer-arith   -o CMakeFiles/cmTC_22845.dir/src.c.o -c /home/fedora/Epitech/Epitech-Tek-2/B-YEP-400-PAR-4-1-indiestudio-dylan1.faure/build/CMakeFiles/CMakeTmp/src.c
Linking C executable cmTC_22845
/usr/bin/cmake -E cmake_link_script CMakeFiles/cmTC_22845.dir/link.txt --verbose=1
/usr/bin/cc -fno-strict-aliasing -Werror=implicit-function-declaration -Werror=pointer-arith   -rdynamic CMakeFiles/cmTC_22845.dir/src.c.o -o cmTC_22845 
/usr/bin/ld : CMakeFiles/cmTC_22845.dir/src.c.o : dans la fonction « main » :
src.c:(.text+0x2d) : référence indéfinie vers « pthread_create »
/usr/bin/ld : src.c:(.text+0x39) : référence indéfinie vers « pthread_detach »
/usr/bin/ld : src.c:(.text+0x45) : référence indéfinie vers « pthread_cancel »
/usr/bin/ld : src.c:(.text+0x56) : référence indéfinie vers « pthread_join »
collect2: erreur: ld a retourné le statut de sortie 1
gmake[1]: *** [CMakeFiles/cmTC_22845.dir/build.make:99 : cmTC_22845] Erreur 1
gmake[1] : on quitte le répertoire « /home/fedora/Epitech/Epitech-Tek-2/B-YEP-400-PAR-4-1-indiestudio-dylan1.faure/build/CMakeFiles/CMakeTmp »
gmake: *** [Makefile:127 : cmTC_22845/fast] Erreur 2


Source file was:
#include <pthread.h>

static void* test_func(void* data)
{
  return data;
}

int main(void)
{
  pthread_t thread;
  pthread_create(&thread, NULL, test_func, NULL);
  pthread_detach(thread);
  pthread_cancel(thread);
  pthread_join(thread, NULL);
  pthread_atfork(NULL, NULL, NULL);
  pthread_exit(NULL);

  return 0;
}

Determining if the function pthread_create exists in the pthreads failed with the following output:
Change Dir: /home/fedora/Epitech/Epitech-Tek-2/B-YEP-400-PAR-4-1-indiestudio-dylan1.faure/build/CMakeFiles/CMakeTmp

Run Build Command(s):/usr/bin/gmake -f Makefile cmTC_57143/fast && /usr/bin/gmake  -f CMakeFiles/cmTC_57143.dir/build.make CMakeFiles/cmTC_57143.dir/build
gmake[1] : on entre dans le répertoire « /home/fedora/Epitech/Epitech-Tek-2/B-YEP-400-PAR-4-1-indiestudio-dylan1.faure/build/CMakeFiles/CMakeTmp »
Building C object CMakeFiles/cmTC_57143.dir/CheckFunctionExists.c.o
/usr/bin/cc   -fno-strict-aliasing -Werror=implicit-function-declaration -Werror=pointer-arith  -DCHECK_FUNCTION_EXISTS=pthread_create -std=gnu99 -o CMakeFiles/cmTC_57143.dir/CheckFunctionExists.c.o -c /usr/share/cmake/Modules/CheckFunctionExists.c
Linking C executable cmTC_57143
/usr/bin/cmake -E cmake_link_script CMakeFiles/cmTC_57143.dir/link.txt --verbose=1
/usr/bin/cc -fno-strict-aliasing -Werror=implicit-function-declaration -Werror=pointer-arith  -DCHECK_FUNCTION_EXISTS=pthread_create CMakeFiles/cmTC_57143.dir/CheckFunctionExists.c.o -o cmTC_57143  -lpthreads 
/usr/bin/ld : ne peut trouver -lpthreads
collect2: erreur: ld a retourné le statut de sortie 1
gmake[1]: *** [CMakeFiles/cmTC_57143.dir/build.make:99 : cmTC_57143] Erreur 1
gmake[1] : on quitte le répertoire « /home/fedora/Epitech/Epitech-Tek-2/B-YEP-400-PAR-4-1-indiestudio-dylan1.faure/build/CMakeFiles/CMakeTmp »
gmake: *** [Makefile:127 : cmTC_57143/fast] Erreur 2



